[2026-04-16 17:06:37] === INICIANDO EJECUCIÓN DEL PIPELINE ===
[2026-04-16 17:06:37] Iniciando adquisición de datos web...
[2026-04-16 17:06:39] Adquisición web completada: 1 noticias obtenidas
[2026-04-16 17:06:39] Iniciando adquisición y transcripción de audio...
[2026-04-16 17:08:40] === INICIANDO EJECUCIÓN DEL PIPELINE ===
[2026-04-16 17:08:40] Iniciando adquisición de datos web...
[2026-04-16 17:08:42] Adquisición web completada: 3 noticias obtenidas
[2026-04-16 17:08:42] Iniciando adquisición y transcripción de audio...
[2026-04-16 17:10:56] Adquisición de audio completada: 1 transcripciones obtenidas
[2026-04-16 17:10:56] Iniciando carga de datos JSON...
[2026-04-16 17:10:56] Advertencia: No se proporcionó ruta JSON
[2026-04-16 17:10:56] Iniciando unificación de datos...
[2026-04-16 17:10:56] Unificación completada: 4 documentos en el corpus
[2026-04-16 17:10:56] Iniciando análisis lingüístico...
[2026-04-16 17:11:00] Análisis lingüístico completado
[2026-04-16 17:11:00] === EJECUCIÓN DEL PIPELINE COMPLETADA ===
[2026-04-16 17:11:00] === INICIANDO EJECUCIÓN DEL PIPELINE ===
[2026-04-16 17:11:00] Iniciando adquisición de datos web...
[2026-04-16 17:11:01] Adquisición web completada: 3 noticias obtenidas
[2026-04-16 17:11:01] Iniciando adquisición y transcripción de audio...
[2026-04-16 17:11:01] Advertencia: No se proporcionó URL de audio
[2026-04-16 17:11:01] Iniciando carga de datos JSON...
[2026-04-16 17:11:01] Advertencia: No se proporcionó ruta JSON
[2026-04-16 17:11:01] Iniciando unificación de datos...
[2026-04-16 17:11:01] Unificación completada: 3 documentos en el corpus
[2026-04-16 17:11:01] Iniciando análisis lingüístico...
[2026-04-16 17:11:03] Análisis lingüístico completado
[2026-04-16 17:11:03] === EJECUCIÓN DEL PIPELINE COMPLETADA ===
[2026-04-16 17:14:58] Iniciando generación de reporte y exportación...
[2026-04-16 17:14:58] DataFrame exportado a: resultados\csv\corpus_la_nacion.csv
[2026-04-16 17:14:58] Estadísticas exportadas a: resultados\json\estadisticas_la_nacion.json
[2026-04-16 17:14:58] === GENERACIÓN DE REPORTE COMPLETADA ===
[2026-04-16 17:14:58] Iniciando generación de reporte y exportación...
[2026-04-16 17:14:58] DataFrame exportado a: resultados\csv\corpus_pagina12.csv
[2026-04-16 17:14:58] Estadísticas exportadas a: resultados\json\estadisticas_pagina12.json
[2026-04-16 17:14:58] === GENERACIÓN DE REPORTE COMPLETADA ===
[2026-04-16 17:33:31] === INICIANDO EJECUCIÓN DEL PIPELINE ===
[2026-04-16 17:33:31] Iniciando adquisición de datos web...
[2026-04-16 17:33:31] Adquisición web completada: 3 noticias obtenidas
[2026-04-16 17:33:31] Iniciando adquisición y transcripción de audio...
[2026-04-16 17:33:31] Advertencia: No se proporcionó URL de audio
[2026-04-16 17:33:31] Iniciando carga de datos JSON...
[2026-04-16 17:33:31] Advertencia: No se proporcionó ruta JSON
[2026-04-16 17:33:31] Iniciando unificación de datos...
[2026-04-16 17:33:31] Unificación completada: 3 documentos en el corpus
[2026-04-16 17:33:31] Iniciando análisis lingüístico...
[2026-04-16 17:33:32] Análisis lingüístico completado
[2026-04-16 17:33:32] === EJECUCIÓN DEL PIPELINE COMPLETADA ===
[2026-04-16 17:33:43] Iniciando generación de reporte y exportación...
[2026-04-16 17:33:43] Error: No hay datos para exportar. Ejecute el pipeline primero.
[2026-04-16 17:33:43] Iniciando generación de reporte y exportación...
[2026-04-16 17:33:43] DataFrame exportado a: resultados\csv\corpus_pagina12.csv
[2026-04-16 17:33:43] Estadísticas exportadas a: resultados\json\estadisticas_pagina12.json
[2026-04-16 17:33:43] === GENERACIÓN DE REPORTE COMPLETADA ===
[2026-04-16 18:38:41] === INICIANDO EJECUCIÓN DEL PIPELINE ===
[2026-04-16 18:38:41] Iniciando adquisición de datos web...
[2026-04-16 18:38:41] Adquisición web completada: 3 noticias obtenidas
[2026-04-16 18:38:41] Iniciando adquisición y transcripción de audio...
[2026-04-16 18:38:41] Advertencia: No se proporcionó URL de audio
[2026-04-16 18:38:41] Iniciando carga de datos JSON...
[2026-04-16 18:38:41] Advertencia: No se proporcionó ruta JSON
[2026-04-16 18:38:41] Iniciando unificación de datos...
[2026-04-16 18:38:41] Unificación completada: 3 documentos en el corpus
[2026-04-16 18:38:41] Iniciando análisis lingüístico...
[2026-04-16 18:38:45] Análisis lingüístico completado
[2026-04-16 18:38:45] === EJECUCIÓN DEL PIPELINE COMPLETADA ===
[2026-04-16 18:38:52] Iniciando generación de reporte y exportación...
[2026-04-16 18:38:52] Error: No hay datos para exportar. Ejecute el pipeline primero.
[2026-04-16 18:38:52] Iniciando generación de reporte y exportación...
[2026-04-16 18:38:52] DataFrame exportado a: resultados\csv\corpus_pagina12.csv
[2026-04-16 18:38:52] Estadísticas exportadas a: resultados\json\estadisticas_pagina12.json
[2026-04-16 18:38:52] === GENERACIÓN DE REPORTE COMPLETADA ===
[2026-04-16 18:46:54] === INICIANDO EJECUCIÓN DEL PIPELINE ===
[2026-04-16 18:46:55] Iniciando adquisición de datos web...
[2026-04-16 18:46:57] Adquisición web completada: 3 noticias obtenidas
[2026-04-16 18:46:57] Iniciando adquisición y transcripción de audio...
[2026-04-16 18:46:57] Advertencia: No se proporcionó URL de audio
[2026-04-16 18:46:57] Iniciando carga de datos JSON...
[2026-04-16 18:46:57] Advertencia: No se proporcionó ruta JSON
[2026-04-16 18:46:57] Iniciando unificación de datos...
[2026-04-16 18:46:57] Unificación completada: 3 documentos en el corpus
[2026-04-16 18:46:57] Iniciando análisis lingüístico...
[2026-04-16 18:46:58] Análisis lingüístico completado
[2026-04-16 18:46:58] === EJECUCIÓN DEL PIPELINE COMPLETADA ===
[2026-04-16 18:47:00] === INICIANDO EJECUCIÓN DEL PIPELINE ===
[2026-04-16 18:47:00] Iniciando adquisición de datos web...
[2026-04-16 18:47:04] Adquisición web completada: 3 noticias obtenidas
[2026-04-16 18:47:04] Iniciando adquisición y transcripción de audio...
[2026-04-16 18:49:37] Adquisición de audio completada: 1 transcripciones obtenidas
[2026-04-16 18:49:37] Iniciando carga de datos JSON...
[2026-04-16 18:49:37] Advertencia: No se proporcionó ruta JSON
[2026-04-16 18:49:37] Iniciando unificación de datos...
[2026-04-16 18:49:37] Unificación completada: 4 documentos en el corpus
[2026-04-16 18:49:37] Iniciando análisis lingüístico...
[2026-04-16 18:49:39] Análisis lingüístico completado
[2026-04-16 18:49:39] === EJECUCIÓN DEL PIPELINE COMPLETADA ===
[2026-04-16 18:50:14] Iniciando generación de reporte y exportación...
[2026-04-16 18:50:14] DataFrame exportado a: resultados\csv\corpus_la_nacion.csv
[2026-04-16 18:50:14] Estadísticas exportadas a: resultados\json\estadisticas_la_nacion.json
[2026-04-16 18:50:14] === GENERACIÓN DE REPORTE COMPLETADA ===
[2026-04-16 18:50:14] Iniciando generación de reporte y exportación...
[2026-04-16 18:50:14] DataFrame exportado a: resultados\csv\corpus_pagina12.csv
[2026-04-16 18:50:14] Estadísticas exportadas a: resultados\json\estadisticas_pagina12.json
[2026-04-16 18:50:14] === GENERACIÓN DE REPORTE COMPLETADA ===
[2026-04-16 19:06:54] === INICIANDO EJECUCIÓN DEL PIPELINE ===
[2026-04-16 19:06:54] Iniciando adquisición de datos web...
[2026-04-16 19:06:56] Adquisición web completada: 3 noticias obtenidas
[2026-04-16 19:06:56] Iniciando adquisición y transcripción de audio...
[2026-04-16 19:06:56] Advertencia: No se proporcionó URL de audio
[2026-04-16 19:06:56] Iniciando carga de datos JSON...
[2026-04-16 19:06:56] Advertencia: No se proporcionó ruta JSON
[2026-04-16 19:06:56] Iniciando unificación de datos...
[2026-04-16 19:06:56] Unificación completada: 3 documentos en el corpus
[2026-04-16 19:06:56] Iniciando análisis lingüístico...
[2026-04-16 19:07:00] Análisis lingüístico completado
[2026-04-16 19:07:00] === EJECUCIÓN DEL PIPELINE COMPLETADA ===
[2026-04-16 19:07:13] Iniciando generación de reporte y exportación...
[2026-04-16 19:07:13] Error: No hay datos para exportar. Ejecute el pipeline primero.
[2026-04-16 19:07:13] Iniciando generación de reporte y exportación...
[2026-04-16 19:07:13] DataFrame exportado a: resultados\csv\corpus_pagina12.csv
[2026-04-16 19:07:13] Estadísticas exportadas a: resultados\json\estadisticas_pagina12.json
[2026-04-16 19:07:13] === GENERACIÓN DE REPORTE COMPLETADA ===
[2026-04-16 19:08:26] === INICIANDO EJECUCIÓN DEL PIPELINE ===
[2026-04-16 19:08:26] Iniciando adquisición de datos web...
[2026-04-16 19:08:29] Adquisición web completada: 3 noticias obtenidas
[2026-04-16 19:08:29] Iniciando adquisición y transcripción de audio...
[2026-04-16 19:11:03] Adquisición de audio completada: 1 transcripciones obtenidas
[2026-04-16 19:11:03] Iniciando carga de datos JSON...
[2026-04-16 19:11:03] Advertencia: No se proporcionó ruta JSON
[2026-04-16 19:11:03] Iniciando unificación de datos...
[2026-04-16 19:11:03] Unificación completada: 4 documentos en el corpus
[2026-04-16 19:11:03] Iniciando análisis lingüístico...
[2026-04-16 19:11:07] Análisis lingüístico completado
[2026-04-16 19:11:07] === EJECUCIÓN DEL PIPELINE COMPLETADA ===
[2026-04-16 19:11:57] Iniciando generación de reporte y exportación...
[2026-04-16 19:11:57] DataFrame exportado a: resultados\csv\corpus_la_nacion.csv
[2026-04-16 19:11:57] Estadísticas exportadas a: resultados\json\estadisticas_la_nacion.json
[2026-04-16 19:11:57] === GENERACIÓN DE REPORTE COMPLETADA ===
[2026-04-16 19:11:57] Iniciando generación de reporte y exportación...
[2026-04-16 19:11:57] DataFrame exportado a: resultados\csv\corpus_anfibia.csv
[2026-04-16 19:11:57] Estadísticas exportadas a: resultados\json\estadisticas_anfibia.json
[2026-04-16 19:11:57] === GENERACIÓN DE REPORTE COMPLETADA ===
